#
# A fatal error has been detected by the Java Runtime Environment:
#
#  EXCEPTION_ACCESS_VIOLATION (0xc0000005) at pc=0x000000006cf9a0a5, pid=14344, tid=0x00000000000034c4
#
# JRE version: Java(TM) SE Runtime Environment (8.0_101-b13) (build 1.8.0_101-b13)
# Java VM: Java HotSpot(TM) 64-Bit Server VM (25.101-b13 mixed mode windows-amd64 compressed oops)
# Problematic frame:
# V  [jvm.dll+0x12a0a5]
#
# Failed to write core dump. Minidumps are not enabled by default on client versions of Windows
#
# If you would like to submit a bug report, please visit:
#   http://bugreport.java.com/bugreport/crash.jsp
#

---------------  T H R E A D  ---------------

Current thread (0x00000000173aa000):  JavaThread "JDWP Transport Listener: dt_socket" daemon [_thread_in_vm, id=13508, stack(0x00000000189e0000,0x0000000018ae0000)]

siginfo: ExceptionCode=0xc0000005, reading address 0x00003b747369003b

Registers:
RAX=0x0000000018adf701, RBX=0x00000000173aa000, RCX=0x00003b747369003b, RDX=0x0000000000000000
RSP=0x0000000018adf6c0, RBP=0x00003b747369003b, RSI=0x0000000018adf7d8, RDI=0x0000000002848ac0
R8 =0x00000000173aa000, R9 =0x0000000000000000, R10=0x0000000000000000, R11=0x0000000000000064
R12=0x0000000000000000, R13=0x00000000173b5148, R14=0x0000000000000000, R15=0x0000000000000000
RIP=0x000000006cf9a0a5, EFLAGS=0x0000000000010202

Top of Stack: (sp=0x0000000018adf6c0)
0x0000000018adf6c0:   00000000173aa000 00000000173aa000
0x0000000018adf6d0:   0000000018adf788 000000006d1a2f0b
0x0000000018adf6e0:   00000000173aa000 000000006d1bf76d
0x0000000018adf6f0:   0000000000000000 000000006fd49155
0x0000000018adf700:   0000000019482ba8 000000006fd5291e
0x0000000018adf710:   00000000173aa000 0000000000000000
0x0000000018adf720:   0000000000000000 0000000000000000
0x0000000018adf730:   00003b747369003b 000000006fd51a15
0x0000000018adf740:   0000000018adf7d8 0000000018adf7b0
0x0000000018adf750:   0000000000000001 0000000019482ba8
0x0000000018adf760:   00003b747369003b 000000006fd353b3
0x0000000018adf770:   0000000018adf8a0 0000000000000001
0x0000000018adf780:   0000000000000001 0000000019482ba8
0x0000000018adf790:   000000000000000a 0000000000000000
0x0000000018adf7a0:   0000000000000000 0000000000000000
0x0000000018adf7b0:   0000000000000001 000000006fd35571 

Instructions: (pc=0x000000006cf9a0a5)
0x000000006cf9a085:   cc cc cc cc cc cc cc cc cc cc cc 48 83 ec 28 48
0x000000006cf9a095:   85 c9 75 07 33 c0 48 83 c4 28 c3 48 89 5c 24 20
0x000000006cf9a0a5:   48 8b 19 48 85 db 74 20 48 83 fb 37 74 1a 48 8b
0x000000006cf9a0b5:   13 48 8b cb ff 52 10 84 c0 74 0d 48 8b c3 48 8b 


Register to memory mapping:

RAX=0x0000000018adf701 is pointing into the stack for thread: 0x00000000173aa000
RBX=0x00000000173aa000 is a thread
RCX=0x00003b747369003b is an unknown value
RDX=0x0000000000000000 is an unknown value
RSP=0x0000000018adf6c0 is pointing into the stack for thread: 0x00000000173aa000
RBP=0x00003b747369003b is an unknown value
RSI=0x0000000018adf7d8 is pointing into the stack for thread: 0x00000000173aa000
RDI=0x0000000002848ac0 is an unknown value
R8 =0x00000000173aa000 is a thread
R9 =0x0000000000000000 is an unknown value
R10=0x0000000000000000 is an unknown value
R11=0x0000000000000064 is an unknown value
R12=0x0000000000000000 is an unknown value
R13=0x00000000173b5148 is an unknown value
R14=0x0000000000000000 is an unknown value
R15=0x0000000000000000 is an unknown value


Stack: [0x00000000189e0000,0x0000000018ae0000],  sp=0x0000000018adf6c0,  free space=1021k
Native frames: (J=compiled Java code, j=interpreted, Vv=VM code, C=native code)
V  [jvm.dll+0x12a0a5]
V  [jvm.dll+0x34f76d]
C  [jdwp.dll+0x21a15]
C  [jdwp.dll+0x53b3]
C  [jdwp.dll+0x5571]
C  [jdwp.dll+0xf0a8]
C  [jdwp.dll+0x1f2d5]
C  [jdwp.dll+0x1f4aa]
V  [jvm.dll+0x1bd258]
V  [jvm.dll+0x2451a4]
V  [jvm.dll+0x29c18a]
C  [msvcr100.dll+0x21d9f]
C  [msvcr100.dll+0x21e3b]
C  [KERNEL32.DLL+0x8364]
C  [ntdll.dll+0x65e91]


---------------  P R O C E S S  ---------------

Java Threads: ( => current thread )
  0x0000000019243800 JavaThread "Service Thread" daemon [_thread_blocked, id=16964, stack(0x00000000197e0000,0x00000000198e0000)]
  0x00000000173fe800 JavaThread "C1 CompilerThread2" daemon [_thread_blocked, id=15412, stack(0x00000000196e0000,0x00000000197e0000)]
  0x00000000173fc800 JavaThread "C2 CompilerThread1" daemon [_thread_blocked, id=7384, stack(0x00000000195e0000,0x00000000196e0000)]
  0x00000000173c8000 JavaThread "C2 CompilerThread0" daemon [_thread_blocked, id=8476, stack(0x00000000190e0000,0x00000000191e0000)]
  0x00000000173c5800 JavaThread "JDWP Command Reader" daemon [_thread_in_native, id=7952, stack(0x0000000018fe0000,0x00000000190e0000)]
  0x00000000173b8000 JavaThread "JDWP Event Helper Thread" daemon [_thread_blocked, id=384, stack(0x0000000018ee0000,0x0000000018fe0000)]
=>0x00000000173aa000 JavaThread "JDWP Transport Listener: dt_socket" daemon [_thread_in_vm, id=13508, stack(0x00000000189e0000,0x0000000018ae0000)]
  0x00000000173a0800 JavaThread "Attach Listener" daemon [_thread_blocked, id=3924, stack(0x00000000188e0000,0x00000000189e0000)]
  0x000000001739f000 JavaThread "Signal Dispatcher" daemon [_thread_blocked, id=13480, stack(0x00000000187e0000,0x00000000188e0000)]
  0x000000001738a800 JavaThread "Finalizer" daemon [_thread_blocked, id=13912, stack(0x00000000185f0000,0x00000000186f0000)]
  0x0000000002781800 JavaThread "Reference Handler" daemon [_thread_blocked, id=8048, stack(0x00000000184f0000,0x00000000185f0000)]
  0x0000000002693800 JavaThread "main" [_thread_blocked, id=15076, stack(0x00000000024e0000,0x00000000025e0000)]

Other Threads:
  0x0000000017368000 VMThread [stack: 0x00000000183f0000,0x00000000184f0000] [id=13956]
  0x000000001924a000 WatcherThread [stack: 0x00000000198e0000,0x00000000199e0000] [id=15476]

VM state:not at safepoint (normal execution)

VM Mutex/Monitor currently owned by a thread: None

Heap:
 PSYoungGen      total 37888K, used 34277K [0x00000000d5d80000, 0x00000000d9380000, 0x0000000100000000)
  eden space 32768K, 89% used [0x00000000d5d80000,0x00000000d79fbc28,0x00000000d7d80000)
  from space 5120K, 99% used [0x00000000d7e00000,0x00000000d82fdac8,0x00000000d8300000)
  to   space 11264K, 0% used [0x00000000d8880000,0x00000000d8880000,0x00000000d9380000)
 ParOldGen       total 87552K, used 14022K [0x0000000081800000, 0x0000000086d80000, 0x00000000d5d80000)
  object space 87552K, 16% used [0x0000000081800000,0x00000000825b1af8,0x0000000086d80000)
 Metaspace       used 13096K, capacity 13318K, committed 13696K, reserved 1060864K
  class space    used 1452K, capacity 1547K, committed 1664K, reserved 1048576K

Card table byte_map: [0x0000000011c10000,0x0000000012010000] byte_map_base: 0x0000000011804000

Marking Bits: (ParMarkBitMap*) 0x000000006d68a6d0
 Begin Bits: [0x00000000126c0000, 0x0000000014660000)
 End Bits:   [0x0000000014660000, 0x0000000016600000)

Polling page: 0x0000000000d70000

CodeCache: size=245760Kb used=8033Kb max_used=8249Kb free=237726Kb
 bounds [0x0000000002850000, 0x0000000003070000, 0x0000000011850000]
 total_blobs=2472 nmethods=2107 adapters=285
 compilation: enabled

Compilation events (10 events):
Event: 448.585 Thread 0x00000000173fe800 2221       3       java.util.HashMap::clear (50 bytes)
Event: 448.585 Thread 0x00000000173fe800 nmethod 2221 0x0000000002961490 code [0x0000000002961600, 0x00000000029619d0]
Event: 448.590 Thread 0x00000000173fe800 2222       3       java.util.LinkedHashMap::clear (15 bytes)
Event: 448.590 Thread 0x00000000173fe800 nmethod 2222 0x000000000299ffd0 code [0x00000000029a0140, 0x00000000029a0308]
Event: 448.597 Thread 0x00000000173fe800 2223  s    3       java.io.ExpiringCache::clear (10 bytes)
Event: 448.598 Thread 0x00000000173fe800 nmethod 2223 0x0000000002a2c690 code [0x0000000002a2c800, 0x0000000002a2cb88]
Event: 448.685 Thread 0x00000000173fe800 2225       3       java.io.File::delete (33 bytes)
Event: 448.685 Thread 0x00000000173fe800 nmethod 2225 0x0000000002a28dd0 code [0x0000000002a29020, 0x0000000002a29e08]
Event: 448.685 Thread 0x00000000173fe800 2226       3       java.io.WinNTFileSystem::delete (20 bytes)
Event: 448.686 Thread 0x00000000173fe800 nmethod 2226 0x0000000002a20610 code [0x0000000002a207c0, 0x0000000002a20f08]

GC Heap History (10 events):
Event: 249.431 GC heap before
{Heap before GC invocations=1 (full 0):
 PSYoungGen      total 38400K, used 33280K [0x00000000d5d80000, 0x00000000d8800000, 0x0000000100000000)
  eden space 33280K, 100% used [0x00000000d5d80000,0x00000000d7e00000,0x00000000d7e00000)
  from space 5120K, 0% used [0x00000000d8300000,0x00000000d8300000,0x00000000d8800000)
  to   space 5120K, 0% used [0x00000000d7e00000,0x00000000d7e00000,0x00000000d8300000)
 ParOldGen       total 87552K, used 0K [0x0000000081800000, 0x0000000086d80000, 0x00000000d5d80000)
  object space 87552K, 0% used [0x0000000081800000,0x0000000081800000,0x0000000086d80000)
 Metaspace       used 9951K, capacity 10170K, committed 10496K, reserved 1058816K
  class space    used 1129K, capacity 1225K, committed 1280K, reserved 1048576K
Event: 249.438 GC heap after
Heap after GC invocations=1 (full 0):
 PSYoungGen      total 38400K, used 5115K [0x00000000d5d80000, 0x00000000d8800000, 0x0000000100000000)
  eden space 33280K, 0% used [0x00000000d5d80000,0x00000000d5d80000,0x00000000d7e00000)
  from space 5120K, 99% used [0x00000000d7e00000,0x00000000d82fecb8,0x00000000d8300000)
  to   space 5120K, 0% used [0x00000000d8300000,0x00000000d8300000,0x00000000d8800000)
 ParOldGen       total 87552K, used 849K [0x0000000081800000, 0x0000000086d80000, 0x00000000d5d80000)
  object space 87552K, 0% used [0x0000000081800000,0x00000000818d4438,0x0000000086d80000)
 Metaspace       used 9951K, capacity 10170K, committed 10496K, reserved 1058816K
  class space    used 1129K, capacity 1225K, committed 1280K, reserved 1048576K
}
Event: 251.493 GC heap before
{Heap before GC invocations=2 (full 0):
 PSYoungGen      total 38400K, used 38395K [0x00000000d5d80000, 0x00000000d8800000, 0x0000000100000000)
  eden space 33280K, 100% used [0x00000000d5d80000,0x00000000d7e00000,0x00000000d7e00000)
  from space 5120K, 99% used [0x00000000d7e00000,0x00000000d82fecb8,0x00000000d8300000)
  to   space 5120K, 0% used [0x00000000d8300000,0x00000000d8300000,0x00000000d8800000)
 ParOldGen       total 87552K, used 849K [0x0000000081800000, 0x0000000086d80000, 0x00000000d5d80000)
  object space 87552K, 0% used [0x0000000081800000,0x00000000818d4438,0x0000000086d80000)
 Metaspace       used 11805K, capacity 12096K, committed 12288K, reserved 1060864K
  class space    used 1326K, capacity 1418K, committed 1536K, reserved 1048576K
Event: 251.500 GC heap after
Heap after GC invocations=2 (full 0):
 PSYoungGen      total 38400K, used 5117K [0x00000000d5d80000, 0x00000000d8800000, 0x0000000100000000)
  eden space 33280K, 0% used [0x00000000d5d80000,0x00000000d5d80000,0x00000000d7e00000)
  from space 5120K, 99% used [0x00000000d8300000,0x00000000d87ff4b8,0x00000000d8800000)
  to   space 5120K, 0% used [0x00000000d7e00000,0x00000000d7e00000,0x00000000d8300000)
 ParOldGen       total 87552K, used 2712K [0x0000000081800000, 0x0000000086d80000, 0x00000000d5d80000)
  object space 87552K, 3% used [0x0000000081800000,0x0000000081aa6178,0x0000000086d80000)
 Metaspace       used 11805K, capacity 12096K, committed 12288K, reserved 1060864K
  class space    used 1326K, capacity 1418K, committed 1536K, reserved 1048576K
}
Event: 341.184 GC heap before
{Heap before GC invocations=3 (full 0):
 PSYoungGen      total 38400K, used 38397K [0x00000000d5d80000, 0x00000000d8800000, 0x0000000100000000)
  eden space 33280K, 100% used [0x00000000d5d80000,0x00000000d7e00000,0x00000000d7e00000)
  from space 5120K, 99% used [0x00000000d8300000,0x00000000d87ff4b8,0x00000000d8800000)
  to   space 5120K, 0% used [0x00000000d7e00000,0x00000000d7e00000,0x00000000d8300000)
 ParOldGen       total 87552K, used 2712K [0x0000000081800000, 0x0000000086d80000, 0x00000000d5d80000)
  object space 87552K, 3% used [0x0000000081800000,0x0000000081aa6178,0x0000000086d80000)
 Metaspace       used 12874K, capacity 13126K, committed 13440K, reserved 1060864K
  class space    used 1449K, capacity 1547K, committed 1664K, reserved 1048576K
Event: 341.196 GC heap after
Heap after GC invocations=3 (full 0):
 PSYoungGen      total 38400K, used 5088K [0x00000000d5d80000, 0x00000000d8800000, 0x0000000100000000)
  eden space 33280K, 0% used [0x00000000d5d80000,0x00000000d5d80000,0x00000000d7e00000)
  from space 5120K, 99% used [0x00000000d7e00000,0x00000000d82f8240,0x00000000d8300000)
  to   space 5120K, 0% used [0x00000000d8300000,0x00000000d8300000,0x00000000d8800000)
 ParOldGen       total 87552K, used 4642K [0x0000000081800000, 0x0000000086d80000, 0x00000000d5d80000)
  object space 87552K, 5% used [0x0000000081800000,0x0000000081c88ba0,0x0000000086d80000)
 Metaspace       used 12874K, capacity 13126K, committed 13440K, reserved 1060864K
  class space    used 1449K, capacity 1547K, committed 1664K, reserved 1048576K
}
Event: 342.725 GC heap before
{Heap before GC invocations=4 (full 0):
 PSYoungGen      total 38400K, used 38365K [0x00000000d5d80000, 0x00000000d8800000, 0x0000000100000000)
  eden space 33280K, 99% used [0x00000000d5d80000,0x00000000d7dff378,0x00000000d7e00000)
  from space 5120K, 99% used [0x00000000d7e00000,0x00000000d82f8240,0x00000000d8300000)
  to   space 5120K, 0% used [0x00000000d8300000,0x00000000d8300000,0x00000000d8800000)
 ParOldGen       total 87552K, used 4642K [0x0000000081800000, 0x0000000086d80000, 0x00000000d5d80000)
  object space 87552K, 5% used [0x0000000081800000,0x0000000081c88ba0,0x0000000086d80000)
 Metaspace       used 13050K, capacity 13318K, committed 13696K, reserved 1060864K
  class space    used 1451K, capacity 1547K, committed 1664K, reserved 1048576K
Event: 342.735 GC heap after
Heap after GC invocations=4 (full 0):
 PSYoungGen      total 38400K, used 5089K [0x00000000d5d80000, 0x00000000d8800000, 0x0000000100000000)
  eden space 33280K, 0% used [0x00000000d5d80000,0x00000000d5d80000,0x00000000d7e00000)
  from space 5120K, 99% used [0x00000000d8300000,0x00000000d87f8480,0x00000000d8800000)
  to   space 5120K, 0% used [0x00000000d7e00000,0x00000000d7e00000,0x00000000d8300000)
 ParOldGen       total 87552K, used 8650K [0x0000000081800000, 0x0000000086d80000, 0x00000000d5d80000)
  object space 87552K, 9% used [0x0000000081800000,0x0000000082072820,0x0000000086d80000)
 Metaspace       used 13050K, capacity 13318K, committed 13696K, reserved 1060864K
  class space    used 1451K, capacity 1547K, committed 1664K, reserved 1048576K
}
Event: 347.004 GC heap before
{Heap before GC invocations=5 (full 0):
 PSYoungGen      total 38400K, used 38369K [0x00000000d5d80000, 0x00000000d8800000, 0x0000000100000000)
  eden space 33280K, 100% used [0x00000000d5d80000,0x00000000d7e00000,0x00000000d7e00000)
  from space 5120K, 99% used [0x00000000d8300000,0x00000000d87f8480,0x00000000d8800000)
  to   space 5120K, 0% used [0x00000000d7e00000,0x00000000d7e00000,0x00000000d8300000)
 ParOldGen       total 87552K, used 8650K [0x0000000081800000, 0x0000000086d80000, 0x00000000d5d80000)
  object space 87552K, 9% used [0x0000000081800000,0x0000000082072820,0x0000000086d80000)
 Metaspace       used 13056K, capacity 13318K, committed 13696K, reserved 1060864K
  class space    used 1451K, capacity 1547K, committed 1664K, reserved 1048576K
Event: 347.014 GC heap after
Heap after GC invocations=5 (full 0):
 PSYoungGen      total 37888K, used 5110K [0x00000000d5d80000, 0x00000000d9380000, 0x0000000100000000)
  eden space 32768K, 0% used [0x00000000d5d80000,0x00000000d5d80000,0x00000000d7d80000)
  from space 5120K, 99% used [0x00000000d7e00000,0x00000000d82fdac8,0x00000000d8300000)
  to   space 11264K, 0% used [0x00000000d8880000,0x00000000d8880000,0x00000000d9380000)
 ParOldGen       total 87552K, used 14022K [0x0000000081800000, 0x0000000086d80000, 0x00000000d5d80000)
  object space 87552K, 16% used [0x0000000081800000,0x00000000825b1af8,0x0000000086d80000)
 Metaspace       used 13056K, capacity 13318K, committed 13696K, reserved 1060864K
  class space    used 1451K, capacity 1547K, committed 1664K, reserved 1048576K
}

Deoptimization events (10 events):
Event: 339.212 Thread 0x0000000002693800 Uncommon trap: reason=class_check action=maybe_recompile pc=0x0000000002bedea0 method=java.util.regex.Pattern$Curly.match(Ljava/util/regex/Matcher;ILjava/lang/CharSequence;)Z @ 19
Event: 339.442 Thread 0x0000000002693800 Uncommon trap: reason=class_check action=maybe_recompile pc=0x00000000029a153c method=java.security.MessageDigest$Delegate.engineUpdate(B)V @ 5
Event: 339.442 Thread 0x0000000002693800 Uncommon trap: reason=class_check action=maybe_recompile pc=0x00000000029a153c method=java.security.MessageDigest$Delegate.engineUpdate(B)V @ 5
Event: 339.442 Thread 0x0000000002693800 Uncommon trap: reason=class_check action=maybe_recompile pc=0x00000000029a153c method=java.security.MessageDigest$Delegate.engineUpdate(B)V @ 5
Event: 339.442 Thread 0x0000000002693800 Uncommon trap: reason=class_check action=maybe_recompile pc=0x00000000029a153c method=java.security.MessageDigest$Delegate.engineUpdate(B)V @ 5
Event: 339.646 Thread 0x0000000002693800 Uncommon trap: reason=unstable_if action=reinterpret pc=0x0000000002b100b4 method=java.lang.ref.SoftReference.get()Ljava/lang/Object; @ 17
Event: 341.198 Thread 0x0000000002693800 Uncommon trap: reason=unstable_if action=reinterpret pc=0x00000000029ff610 method=java.lang.ref.SoftReference.get()Ljava/lang/Object; @ 17
Event: 341.645 Thread 0x0000000002693800 Uncommon trap: reason=unstable_if action=reinterpret pc=0x0000000002e5ea14 method=org.eclipse.jgit.internal.storage.pack.BinaryDelta.apply([B[B[B)[B @ 229
Event: 341.645 Thread 0x0000000002693800 Uncommon trap: reason=unstable_if action=reinterpret pc=0x0000000002e31580 method=org.eclipse.jgit.internal.storage.pack.BinaryDelta.apply([B[B[B)[B @ 229
Event: 346.837 Thread 0x000000001b117800 Uncommon trap: reason=unhandled action=none pc=0x0000000002ec0c38 method=com.sun.crypto.provider.GaloisCounterMode.decryptFinal([BII[BI)I @ 17

Internal exceptions (10 events):
Event: 341.866 Thread 0x0000000002693800 Exception <a 'java/io/FileNotFoundException'> (0x00000000d7140e90) thrown at [C:\re\workspace\8-2-build-windows-amd64-cygwin\jdk8u101\7261\hotspot\src\share\vm\prims\jni.cpp, line 709]
Event: 341.874 Thread 0x0000000002693800 Exception <a 'sun/nio/fs/WindowsException'> (0x00000000d71615e0) thrown at [C:\re\workspace\8-2-build-windows-amd64-cygwin\jdk8u101\7261\hotspot\src\share\vm\prims\jni.cpp, line 709]
Event: 341.875 Thread 0x0000000002693800 Exception <a 'java/io/FileNotFoundException'> (0x00000000d7161f58) thrown at [C:\re\workspace\8-2-build-windows-amd64-cygwin\jdk8u101\7261\hotspot\src\share\vm\prims\jni.cpp, line 709]
Event: 341.875 Thread 0x0000000002693800 Exception <a 'sun/nio/fs/WindowsException'> (0x00000000d71659c8) thrown at [C:\re\workspace\8-2-build-windows-amd64-cygwin\jdk8u101\7261\hotspot\src\share\vm\prims\jni.cpp, line 709]
Event: 341.878 Thread 0x0000000002693800 Exception <a 'sun/nio/fs/WindowsException'> (0x00000000d716c560) thrown at [C:\re\workspace\8-2-build-windows-amd64-cygwin\jdk8u101\7261\hotspot\src\share\vm\prims\jni.cpp, line 709]
Event: 341.879 Thread 0x0000000002693800 Exception <a 'java/io/FileNotFoundException'> (0x00000000d716ce40) thrown at [C:\re\workspace\8-2-build-windows-amd64-cygwin\jdk8u101\7261\hotspot\src\share\vm\prims\jni.cpp, line 709]
Event: 341.879 Thread 0x0000000002693800 Exception <a 'java/io/FileNotFoundException'> (0x00000000d716dae0) thrown at [C:\re\workspace\8-2-build-windows-amd64-cygwin\jdk8u101\7261\hotspot\src\share\vm\prims\jni.cpp, line 709]
Event: 341.879 Thread 0x0000000002693800 Exception <a 'java/io/FileNotFoundException'> (0x00000000d716e7d0) thrown at [C:\re\workspace\8-2-build-windows-amd64-cygwin\jdk8u101\7261\hotspot\src\share\vm\prims\jni.cpp, line 709]
Event: 341.879 Thread 0x0000000002693800 Exception <a 'java/io/FileNotFoundException'> (0x00000000d716f500) thrown at [C:\re\workspace\8-2-build-windows-amd64-cygwin\jdk8u101\7261\hotspot\src\share\vm\prims\jni.cpp, line 709]
Event: 341.880 Thread 0x0000000002693800 Exception <a 'java/io/FileNotFoundException'> (0x00000000d7170260) thrown at [C:\re\workspace\8-2-build-windows-amd64-cygwin\jdk8u101\7261\hotspot\src\share\vm\prims\jni.cpp, line 709]

Events (10 events):
Event: 450.598 Executing VM operation: GetOrSetLocal
Event: 450.598 Executing VM operation: GetOrSetLocal done
Event: 450.598 Executing VM operation: GetOrSetLocal
Event: 450.599 Executing VM operation: GetOrSetLocal done
Event: 450.599 Executing VM operation: GetOrSetLocal
Event: 450.599 Executing VM operation: GetOrSetLocal done
Event: 450.599 Executing VM operation: GetOrSetLocal
Event: 450.599 Executing VM operation: GetOrSetLocal done
Event: 632.806 Executing VM operation: RedefineClasses
Event: 632.819 Executing VM operation: RedefineClasses done


Dynamic libraries:
0x00007ff64b230000 - 0x00007ff64b267000 	C:\Program Files\Java\jdk1.8.0_101\bin\javaw.exe
0x00007ff9892f0000 - 0x00007ff9894c1000 	C:\WINDOWS\SYSTEM32\ntdll.dll
0x00007ff986ab0000 - 0x00007ff986b5b000 	C:\WINDOWS\System32\KERNEL32.DLL
0x00007ff985850000 - 0x00007ff985a6d000 	C:\WINDOWS\System32\KERNELBASE.dll
0x00007ff9869f0000 - 0x00007ff986a92000 	C:\WINDOWS\System32\ADVAPI32.dll
0x00007ff988ed0000 - 0x00007ff988f6e000 	C:\WINDOWS\System32\msvcrt.dll
0x00007ff9891d0000 - 0x00007ff989229000 	C:\WINDOWS\System32\sechost.dll
0x00007ff986bc0000 - 0x00007ff986ce1000 	C:\WINDOWS\System32\RPCRT4.dll
0x00007ff986ee0000 - 0x00007ff987045000 	C:\WINDOWS\System32\USER32.dll
0x00007ff986660000 - 0x00007ff98667e000 	C:\WINDOWS\System32\win32u.dll
0x00007ff987770000 - 0x00007ff9877a4000 	C:\WINDOWS\System32\GDI32.dll
0x00007ff9864d0000 - 0x00007ff986652000 	C:\WINDOWS\System32\gdi32full.dll
0x00007ff97a620000 - 0x00007ff97a89a000 	C:\WINDOWS\WinSxS\amd64_microsoft.windows.common-controls_6595b64144ccf1df_6.0.14393.351_none_4213128bc687e6d3\COMCTL32.dll
0x00007ff9874a0000 - 0x00007ff987767000 	C:\WINDOWS\System32\combase.dll
0x00007ff986200000 - 0x00007ff9862f5000 	C:\WINDOWS\System32\ucrtbase.dll
0x00007ff9857e0000 - 0x00007ff98584a000 	C:\WINDOWS\System32\bcryptPrimitives.dll
0x00007ff986cf0000 - 0x00007ff986d1e000 	C:\WINDOWS\System32\IMM32.DLL
0x000000006fda0000 - 0x000000006fe72000 	C:\Program Files\Java\jdk1.8.0_101\jre\bin\msvcr100.dll
0x000000006ce70000 - 0x000000006d70a000 	C:\Program Files\Java\jdk1.8.0_101\jre\bin\server\jvm.dll
0x00007ff987480000 - 0x00007ff987488000 	C:\WINDOWS\System32\PSAPI.DLL
0x00007ff983ac0000 - 0x00007ff983ae3000 	C:\WINDOWS\SYSTEM32\WINMM.dll
0x00007ff976f30000 - 0x00007ff976f3a000 	C:\WINDOWS\SYSTEM32\VERSION.dll
0x00007ff982730000 - 0x00007ff982739000 	C:\WINDOWS\SYSTEM32\WSOCK32.dll
0x00007ff983a10000 - 0x00007ff983a3b000 	C:\WINDOWS\SYSTEM32\WINMMBASE.dll
0x00007ff986720000 - 0x00007ff986762000 	C:\WINDOWS\System32\cfgmgr32.dll
0x00007ff988e60000 - 0x00007ff988eca000 	C:\WINDOWS\System32\WS2_32.dll
0x00000000705c0000 - 0x00000000705cf000 	C:\Program Files\Java\jdk1.8.0_101\jre\bin\verify.dll
0x000000006fd70000 - 0x000000006fd99000 	C:\Program Files\Java\jdk1.8.0_101\jre\bin\java.dll
0x000000006fd30000 - 0x000000006fd65000 	C:\Program Files\Java\jdk1.8.0_101\jre\bin\jdwp.dll
0x000000006fff0000 - 0x000000006fff8000 	C:\Program Files\Java\jdk1.8.0_101\jre\bin\npt.dll
0x000000006f9f0000 - 0x000000006fa06000 	C:\Program Files\Java\jdk1.8.0_101\jre\bin\zip.dll
0x00007ff9877b0000 - 0x00007ff988cb9000 	C:\WINDOWS\System32\SHELL32.dll
0x00007ff985a70000 - 0x00007ff98614a000 	C:\WINDOWS\System32\windows.storage.dll
0x00007ff985760000 - 0x00007ff9857ac000 	C:\WINDOWS\System32\powrprof.dll
0x00007ff986b60000 - 0x00007ff986bb2000 	C:\WINDOWS\System32\shlwapi.dll
0x00007ff9857d0000 - 0x00007ff9857df000 	C:\WINDOWS\System32\kernel.appcore.dll
0x00007ff986770000 - 0x00007ff986819000 	C:\WINDOWS\System32\shcore.dll
0x00007ff9857b0000 - 0x00007ff9857c4000 	C:\WINDOWS\System32\profapi.dll
0x000000006fd20000 - 0x000000006fd29000 	C:\Program Files\Java\jdk1.8.0_101\jre\bin\dt_socket.dll
0x00007ff96e230000 - 0x00007ff96e246000 	C:\WINDOWS\system32\napinsp.dll
0x00007ff96e210000 - 0x00007ff96e22a000 	C:\WINDOWS\system32\pnrpnsp.dll
0x00007ff983010000 - 0x00007ff983028000 	C:\WINDOWS\system32\NLAapi.dll
0x00007ff984f00000 - 0x00007ff984f5c000 	C:\WINDOWS\System32\mswsock.dll
0x00007ff984cd0000 - 0x00007ff984d70000 	C:\WINDOWS\SYSTEM32\DNSAPI.dll
0x00007ff986aa0000 - 0x00007ff986aa8000 	C:\WINDOWS\System32\NSI.dll
0x00007ff984c90000 - 0x00007ff984cc8000 	C:\WINDOWS\SYSTEM32\IPHLPAPI.DLL
0x00007ff96e250000 - 0x00007ff96e25e000 	C:\WINDOWS\System32\winrnr.dll
0x00007ff96e260000 - 0x00007ff96e275000 	C:\WINDOWS\System32\wshbth.dll
0x0000000071a40000 - 0x0000000071a75000 	C:\Program Files\Bonjour\mdnsNSP.dll
0x00007ff97e350000 - 0x00007ff97e3ba000 	C:\WINDOWS\System32\fwpuclnt.dll
0x00007ff985330000 - 0x00007ff98535b000 	C:\WINDOWS\SYSTEM32\bcrypt.dll
0x00007ff974960000 - 0x00007ff97496a000 	C:\Windows\System32\rasadhlp.dll
0x00007ff985220000 - 0x00007ff985237000 	C:\WINDOWS\SYSTEM32\CRYPTSP.dll
0x00007ff985100000 - 0x00007ff985133000 	C:\WINDOWS\system32\rsaenh.dll
0x00007ff984d80000 - 0x00007ff984d9f000 	C:\WINDOWS\SYSTEM32\USERENV.dll
0x00007ff985240000 - 0x00007ff98524b000 	C:\WINDOWS\SYSTEM32\CRYPTBASE.dll
0x000000006f9d0000 - 0x000000006f9ea000 	C:\Program Files\Java\jdk1.8.0_101\jre\bin\net.dll
0x00007ff97e190000 - 0x00007ff97e1a6000 	C:\WINDOWS\SYSTEM32\dhcpcsvc6.DLL
0x00007ff97e170000 - 0x00007ff97e18a000 	C:\WINDOWS\SYSTEM32\dhcpcsvc.DLL
0x000000006f4b0000 - 0x000000006f4c1000 	C:\Program Files\Java\jdk1.8.0_101\jre\bin\nio.dll
0x000000006f480000 - 0x000000006f4a4000 	C:\Program Files\Java\jdk1.8.0_101\jre\bin\sunec.dll
0x000000006f9c0000 - 0x000000006f9cb000 	C:\Program Files\Java\jdk1.8.0_101\jre\bin\sunmscapi.dll
0x00007ff986300000 - 0x00007ff9864c9000 	C:\WINDOWS\System32\CRYPT32.dll
0x00007ff985750000 - 0x00007ff985760000 	C:\WINDOWS\System32\MSASN1.dll
0x00007ff982190000 - 0x00007ff982322000 	C:\WINDOWS\SYSTEM32\dbghelp.dll

VM Arguments:
jvm_args: -agentlib:jdwp=transport=dt_socket,suspend=y,address=localhost:58277 -Dfile.encoding=UTF-8 
java_command: org.spdx.tools.LicenseListPublisher 2.6 goneall heute1syzygy
java_class_path (initial): C:\Users\gary\workspace\SPDXParser\target\classes;C:\Users\gary\workspace\OpenCSV\bin;C:\Users\gary\workspace\OpenCSV\lib\junit-4.7.jar;C:\Users\gary\.m2\repository\net\rootdev\java-rdfa\0.4.1\java-rdfa-0.4.1.jar;C:\Users\gary\.m2\repository\com\hp\hpl\jena\iri\0.8\iri-0.8.jar;C:\Users\gary\.m2\repository\com\hp\hpl\jena\jena\2.6.4\jena-2.6.4.jar;C:\Users\gary\.m2\repository\com\ibm\icu\icu4j\3.4.4\icu4j-3.4.4.jar;C:\Users\gary\.m2\repository\xerces\xercesImpl\2.7.1\xercesImpl-2.7.1.jar;C:\Users\gary\.m2\repository\com\hp\hpl\jena\arq\2.8.8\arq-2.8.8.jar;C:\Users\gary\.m2\repository\org\codehaus\woodstox\wstx-asl\3.2.9\wstx-asl-3.2.9.jar;C:\Users\gary\.m2\repository\stax\stax-api\1.0.1\stax-api-1.0.1.jar;C:\Users\gary\.m2\repository\org\apache\lucene\lucene-core\2.3.1\lucene-core-2.3.1.jar;C:\Users\gary\.m2\repository\org\antlr\antlr\3.4\antlr-3.4.jar;C:\Users\gary\.m2\repository\org\antlr\antlr-runtime\3.4\antlr-runtime-3.4.jar;C:\Users\gary\.m2\repository\org\antlr\stringtemplate\3.2.1\stringtemplate-3.2.1.jar;C:\Users\gary\.m2\repository\antlr\antlr\2.7.7\antlr-2.7.7.jar;C:\Users\gary\.m2\repository\org\antlr\ST4\4.0.4\ST4-4.0.4.jar;C:\Users\gary\.m2\repository\org\apache\commons\commons-lang3\3.1\commons-lang3-3.1.jar;C:\Users\gary\.m2\repository\org\apache\poi\poi\3.8\poi-3.8.jar;C:\Users\gary\.m2\repository\commons-codec\commons-codec\1.5\commons-codec-1.5.jar;C:\Users\gary\.m2\repository\org\apache\poi\poi-ooxml\3.8\poi-ooxml-3.8.jar;C:\Users\gary\.m2\repository\org\apache\poi\poi-ooxml-schemas\3.8\poi-ooxml-schemas-3.8.jar;C:\Users\gary\.m2\repository\org\apache\xmlbeans\xmlbeans\2.3.0\xmlbeans-2.3.0.jar;C:\Users\gary\.m2\repository\dom4j\dom4j\1.6.1\dom4j-1.6.1.jar;C:\Users\gary\.m2\repository\xml-apis\xml-apis\1.0.b2\xml-apis-1.0.b2.jar;C:\Users\gary\.m2\repository\net\sf\opencsv\opencsv\2.3\opencsv-2.3.jar;C:\Users\gary\.m2\repository\nu\validator\htmlparser\htmlparser\1.4\htmlparser-1.4.jar;C:\Users\gary\.m2\repository\net\sf
Launcher Type: SUN_STANDARD

Environment Variables:
JAVA_HOME=C:\Program Files\Java\jdk1.8.0_101\
PATH=C:\Program Files\Java\jdk1.8.0_101\jre\bin;C:/Program Files/Java/jre1.8.0_101/bin/server;C:/Program Files/Java/jre1.8.0_101/bin;C:/Program Files/Java/jre1.8.0_101/lib/amd64;C:\ProgramData\Oracle\Java\javapath;C:\Program Files (x86)\Intel\iCLS Client\;C:\Program Files\Intel\iCLS Client\;C:\WINDOWS\system32;C:\WINDOWS;C:\WINDOWS\System32\Wbem;C:\WINDOWS\System32\WindowsPowerShell\v1.0\;C:\Program Files (x86)\Intel\Intel(R) Management Engine Components\DAL;C:\Program Files\Intel\Intel(R) Management Engine Components\DAL;C:\Program Files (x86)\Intel\Intel(R) Management Engine Components\IPT;C:\Program Files\Intel\Intel(R) Management Engine Components\IPT;C:\Program Files\Git\cmd;C:\HashiCorp\Vagrant\bin;C:\Program Files\Java\jdk1.7.0_79\jre\bin\javaw.exe;C:\Program Files\Java\jdk1.7.0_79\jre\bin\java.exe;C:\Program Files\OpenVPN\bin;C:\Maven\apache-maven-3.1.1\bin;C:\Program Files (x86)\Skype\Phone\;C:\cygwin64\bin;C:\Python27;c:\Python27\Scripts;C:\Program Files\Amazon\AWSCLI\;C:\Program Files\nodejs\;C:\Users\gary\AppData\Local\Microsoft\WindowsApps;C:\Users\gary\AppData\Roaming\Python\Scripts;C:\Users\gary\AppData\Roaming\npm;C:\Eclipse\Juno -4.2\eclipse;
USERNAME=gary
OS=Windows_NT
PROCESSOR_IDENTIFIER=Intel64 Family 6 Model 61 Stepping 4, GenuineIntel



---------------  S Y S T E M  ---------------

OS: Windows 10.0 , 64 bit Build 14393 (10.0.14393.0)

CPU:total 4 (2 cores per cpu, 2 threads per core) family 6 model 61 stepping 4, cmov, cx8, fxsr, mmx, sse, sse2, sse3, ssse3, sse4.1, sse4.2, popcnt, avx, avx2, aes, clmul, erms, 3dnowpref, lzcnt, ht, tsc, tscinvbit, bmi1, bmi2, adx

Memory: 4k page, physical 8289396k(3670872k free), swap 12745844k(4800192k free)

vm_info: Java HotSpot(TM) 64-Bit Server VM (25.101-b13) for windows-amd64 JRE (1.8.0_101-b13), built on Jun 22 2016 01:21:29 by "java_re" with MS VC++ 10.0 (VS2010)

time: Sat Oct 29 17:39:03 2016
elapsed time: 632 seconds (0d 0h 10m 32s)

